<?xml version="1.0" encoding="UTF-8"?>
<testng-results skipped="0" failed="0" ignored="0" total="1" passed="1">
  <reporter-output>
  </reporter-output>
  <suite name="Suite" duration-ms="24139" started-at="2021-04-25T02:51:48 IST" finished-at="2021-04-25T02:52:12 IST">
    <groups>
    </groups>
    <test name="Test" duration-ms="24139" started-at="2021-04-25T02:51:48 IST" finished-at="2021-04-25T02:52:12 IST">
      <class name="tests.MortageCalculatorTest">
        <test-method status="PASS" signature="SetUP()[pri:0, instance:tests.MortageCalculatorTest@27808f31]" name="SetUP" is-config="true" duration-ms="14623" started-at="2021-04-25T02:51:48 IST" finished-at="2021-04-25T02:52:03 IST">
          <reporter-output>
          </reporter-output>
        </test-method> <!-- SetUP -->
        <test-method status="PASS" signature="ValidateMortageCalculator(java.lang.String, java.lang.String, java.lang.String)[pri:0, instance:tests.MortageCalculatorTest@27808f31]" name="ValidateMortageCalculator" duration-ms="8456" started-at="2021-04-25T02:52:03 IST" data-provider="mortageCustomerData" finished-at="2021-04-25T02:52:11 IST">
          <params>
            <param index="0">
              <value>
                <![CDATA[200000]]>
              </value>
            </param>
            <param index="1">
              <value>
                <![CDATA[30]]>
              </value>
            </param>
            <param index="2">
              <value>
                <![CDATA[5]]>
              </value>
            </param>
          </params>
          <reporter-output>
          </reporter-output>
        </test-method> <!-- ValidateMortageCalculator -->
        <test-method status="PASS" signature="CleanUP()[pri:0, instance:tests.MortageCalculatorTest@27808f31]" name="CleanUP" is-config="true" duration-ms="970" started-at="2021-04-25T02:52:11 IST" finished-at="2021-04-25T02:52:12 IST">
          <reporter-output>
          </reporter-output>
        </test-method> <!-- CleanUP -->
      </class> <!-- tests.MortageCalculatorTest -->
    </test> <!-- Test -->
  </suite> <!-- Suite -->
</testng-results>
